[debug] [2020-11-15T04:12:03.955Z] ----------------------------------------------------------------------
[debug] [2020-11-15T04:12:03.959Z] Command:       /usr/local/bin/node /usr/local/bin/firebase init
[debug] [2020-11-15T04:12:03.960Z] CLI Version:   8.16.2
[debug] [2020-11-15T04:12:03.960Z] Platform:      darwin
[debug] [2020-11-15T04:12:03.960Z] Node Version:  v12.18.3
[debug] [2020-11-15T04:12:03.974Z] Time:          Sun Nov 15 2020 13:12:03 GMT+0900 (GMT+09:00)
[debug] [2020-11-15T04:12:03.976Z] ----------------------------------------------------------------------
[debug] [2020-11-15T04:12:03.976Z] 
[debug] [2020-11-15T04:12:03.980Z] >>> [apiv2][query] GET https://firebase-public.firebaseio.com/cli.json [none]
[debug] [2020-11-15T04:12:04.041Z] > command requires scopes: ["email","openid","https://www.googleapis.com/auth/cloudplatformprojects.readonly","https://www.googleapis.com/auth/firebase","https://www.googleapis.com/auth/cloud-platform"]
[debug] [2020-11-15T04:12:04.048Z] > authorizing via signed-in user
[info] 
     ######## #### ########  ######## ########     ###     ######  ########
     ##        ##  ##     ## ##       ##     ##  ##   ##  ##       ##
     ######    ##  ########  ######   ########  #########  ######  ######
     ##        ##  ##    ##  ##       ##     ## ##     ##       ## ##
     ##       #### ##     ## ######## ########  ##     ##  ######  ########

You're about to initialize a Firebase project in this directory:

  /Users/rontarou/tora/chatdemo2

[debug] [2020-11-15T04:12:04.737Z] <<< [apiv2][status] GET https://firebase-public.firebaseio.com/cli.json 200
[debug] [2020-11-15T04:12:04.737Z] <<< [apiv2][body] GET https://firebase-public.firebaseio.com/cli.json {"cloudBuildErrorAfter":1594252800000,"cloudBuildWarnAfter":1590019200000,"defaultNode10After":1594252800000,"minVersion":"3.0.5","node8DeploysDisabledAfter":1613390400000,"node8RuntimeDisabledAfter":1615809600000,"node8WarnAfter":1600128000000}
[info] 
=== Project Setup
[info] 
[info] First, let's associate this project directory with a Firebase project.
[info] You can create multiple project aliases by running firebase use --add, 
[info] but for now we'll just set up a default project.
[info] 
[debug] [2020-11-15T04:13:24.299Z] > refreshing access token with scopes: ["email","https://www.googleapis.com/auth/cloud-platform","https://www.googleapis.com/auth/cloudplatformprojects.readonly","https://www.googleapis.com/auth/firebase","openid"]
[debug] [2020-11-15T04:13:24.300Z] >>> HTTP REQUEST POST https://www.googleapis.com/oauth2/v3/token  
 <request body omitted>
[debug] [2020-11-15T04:13:24.551Z] <<< HTTP RESPONSE 200 {"date":"Sun, 15 Nov 2020 04:13:43 GMT","cache-control":"no-cache, no-store, max-age=0, must-revalidate","pragma":"no-cache","expires":"Mon, 01 Jan 1990 00:00:00 GMT","content-type":"application/json; charset=utf-8","vary":"X-Origin, Referer, Origin,Accept-Encoding","server":"scaffolding on HTTPServer2","x-xss-protection":"0","x-frame-options":"SAMEORIGIN","x-content-type-options":"nosniff","alt-svc":"h3-Q050=\":443\"; ma=2592000,h3-29=\":443\"; ma=2592000,h3-T051=\":443\"; ma=2592000,h3-Q046=\":443\"; ma=2592000,h3-Q043=\":443\"; ma=2592000,quic=\":443\"; ma=2592000; v=\"46,43\"","accept-ranges":"none","transfer-encoding":"chunked"}
[debug] [2020-11-15T04:13:24.569Z] >>> HTTP REQUEST GET https://firebase.googleapis.com/v1beta1/projects?pageSize=100  
 
[debug] [2020-11-15T04:13:25.421Z] <<< HTTP RESPONSE 200 {"content-type":"application/json; charset=UTF-8","vary":"X-Origin, Referer, Origin,Accept-Encoding","date":"Sun, 15 Nov 2020 04:13:44 GMT","server":"ESF","cache-control":"private","x-xss-protection":"0","x-frame-options":"SAMEORIGIN","x-content-type-options":"nosniff","alt-svc":"h3-Q050=\":443\"; ma=2592000,h3-29=\":443\"; ma=2592000,h3-T051=\":443\"; ma=2592000,h3-Q046=\":443\"; ma=2592000,h3-Q043=\":443\"; ma=2592000,quic=\":443\"; ma=2592000; v=\"46,43\"","accept-ranges":"none","transfer-encoding":"chunked"}
[info] i  Using project chatdemo2-12126 (chatdemo2) 
[info] 
=== Firestore Setup
[debug] [2020-11-15T04:13:36.796Z] >>> HTTP REQUEST GET https://serviceusage.googleapis.com/v1/projects/chatdemo2-12126/services/firestore.googleapis.com  
 
[debug] [2020-11-15T04:13:37.957Z] <<< HTTP RESPONSE 200 {"content-type":"application/json; charset=UTF-8","vary":"X-Origin, Referer, Origin,Accept-Encoding","date":"Sun, 15 Nov 2020 04:13:57 GMT","server":"ESF","cache-control":"private","x-xss-protection":"0","x-frame-options":"SAMEORIGIN","x-content-type-options":"nosniff","alt-svc":"h3-Q050=\":443\"; ma=2592000,h3-29=\":443\"; ma=2592000,h3-T051=\":443\"; ma=2592000,h3-Q046=\":443\"; ma=2592000,h3-Q043=\":443\"; ma=2592000,quic=\":443\"; ma=2592000; v=\"46,43\"","accept-ranges":"none","transfer-encoding":"chunked"}
[debug] [2020-11-15T04:13:37.958Z] >>> HTTP REQUEST GET https://appengine.googleapis.com/v1/apps/chatdemo2-12126  
 
[debug] [2020-11-15T04:13:38.428Z] <<< HTTP RESPONSE 200 {"content-type":"application/json; charset=UTF-8","vary":"X-Origin, Referer, Origin,Accept-Encoding","date":"Sun, 15 Nov 2020 04:13:57 GMT","server":"ESF","cache-control":"private","x-xss-protection":"0","x-frame-options":"SAMEORIGIN","x-content-type-options":"nosniff","alt-svc":"h3-Q050=\":443\"; ma=2592000,h3-29=\":443\"; ma=2592000,h3-T051=\":443\"; ma=2592000,h3-Q046=\":443\"; ma=2592000,h3-Q043=\":443\"; ma=2592000,quic=\":443\"; ma=2592000; v=\"46,43\"","accept-ranges":"none","transfer-encoding":"chunked"}
[debug] [2020-11-15T04:13:38.428Z] database_type: CLOUD_FIRESTORE
[debug] [2020-11-15T04:13:38.429Z] > command requires scopes: ["email","openid","https://www.googleapis.com/auth/cloudplatformprojects.readonly","https://www.googleapis.com/auth/firebase","https://www.googleapis.com/auth/cloud-platform"]
[debug] [2020-11-15T04:13:38.430Z] > authorizing via signed-in user
[debug] [2020-11-15T04:13:38.430Z] [iam] checking project chatdemo2-12126 for permissions ["firebase.projects.get"]
[debug] [2020-11-15T04:13:38.431Z] >>> HTTP REQUEST POST https://cloudresourcemanager.googleapis.com/v1/projects/chatdemo2-12126:testIamPermissions  
 {"permissions":["firebase.projects.get"]}
[debug] [2020-11-15T04:13:39.246Z] <<< HTTP RESPONSE 200 {"content-type":"application/json; charset=UTF-8","vary":"X-Origin, Referer, Origin,Accept-Encoding","date":"Sun, 15 Nov 2020 04:13:58 GMT","server":"ESF","cache-control":"private","x-xss-protection":"0","x-frame-options":"SAMEORIGIN","x-content-type-options":"nosniff","server-timing":"gfet4t7; dur=559","alt-svc":"h3-Q050=\":443\"; ma=2592000,h3-29=\":443\"; ma=2592000,h3-T051=\":443\"; ma=2592000,h3-Q046=\":443\"; ma=2592000,h3-Q043=\":443\"; ma=2592000,quic=\":443\"; ma=2592000; v=\"46,43\"","accept-ranges":"none","transfer-encoding":"chunked"}
[info] 
[info] Firestore Security Rules allow you to define how and when to allow
[info] requests. You can keep these rules in your project directory
[info] and publish them with firebase deploy.
[info] 
[debug] [2020-11-15T04:13:49.721Z] >>> HTTP REQUEST GET https://firebaserules.googleapis.com/v1/projects/chatdemo2-12126/releases?pageSize=10&pageToken=  
 
[debug] [2020-11-15T04:13:50.919Z] <<< HTTP RESPONSE 200 {"content-type":"application/json; charset=UTF-8","vary":"X-Origin, Referer, Origin,Accept-Encoding","date":"Sun, 15 Nov 2020 04:14:10 GMT","server":"ESF","cache-control":"private","x-xss-protection":"0","x-frame-options":"SAMEORIGIN","x-content-type-options":"nosniff","alt-svc":"h3-Q050=\":443\"; ma=2592000,h3-29=\":443\"; ma=2592000,h3-T051=\":443\"; ma=2592000,h3-Q046=\":443\"; ma=2592000,h3-Q043=\":443\"; ma=2592000,quic=\":443\"; ma=2592000; v=\"46,43\"","accept-ranges":"none","transfer-encoding":"chunked"}
[debug] [2020-11-15T04:13:50.922Z] Found ruleset: projects/chatdemo2-12126/rulesets/93a8ecad-2be0-4317-abaf-6ff2836f4282
[debug] [2020-11-15T04:13:50.922Z] >>> HTTP REQUEST GET https://firebaserules.googleapis.com/v1/projects/chatdemo2-12126/rulesets/93a8ecad-2be0-4317-abaf-6ff2836f4282  
 
[debug] [2020-11-15T04:13:52.007Z] <<< HTTP RESPONSE 200 {"content-type":"application/json; charset=UTF-8","vary":"X-Origin, Referer, Origin,Accept-Encoding","date":"Sun, 15 Nov 2020 04:14:11 GMT","server":"ESF","cache-control":"private","x-xss-protection":"0","x-frame-options":"SAMEORIGIN","x-content-type-options":"nosniff","alt-svc":"h3-Q050=\":443\"; ma=2592000,h3-29=\":443\"; ma=2592000,h3-T051=\":443\"; ma=2592000,h3-Q046=\":443\"; ma=2592000,h3-Q043=\":443\"; ma=2592000,quic=\":443\"; ma=2592000; v=\"46,43\"","accept-ranges":"none","transfer-encoding":"chunked"}
[info] 
[info] Firestore indexes allow you to perform complex queries while
[info] maintaining performance that scales with the size of the result
[info] set. You can keep index definitions in your project directory
[info] and publish them with firebase deploy.
[info] 
[debug] [2020-11-15T04:13:56.824Z] >>> HTTP REQUEST GET https://firestore.googleapis.com/v1/projects/chatdemo2-12126/databases/(default)/collectionGroups/-/indexes  
 
[debug] [2020-11-15T04:13:56.824Z] >>> HTTP REQUEST GET https://firestore.googleapis.com/v1/projects/chatdemo2-12126/databases/(default)/collectionGroups/-/fields?filter=indexConfig.usesAncestorConfig=false  
 
[debug] [2020-11-15T04:13:57.372Z] <<< HTTP RESPONSE 200 {"content-type":"application/json; charset=UTF-8","vary":"X-Origin, Referer, Origin,Accept-Encoding","date":"Sun, 15 Nov 2020 04:14:16 GMT","server":"ESF","cache-control":"private","x-xss-protection":"0","x-frame-options":"SAMEORIGIN","x-content-type-options":"nosniff","alt-svc":"h3-Q050=\":443\"; ma=2592000,h3-29=\":443\"; ma=2592000,h3-T051=\":443\"; ma=2592000,h3-Q046=\":443\"; ma=2592000,h3-Q043=\":443\"; ma=2592000,quic=\":443\"; ma=2592000; v=\"46,43\"","accept-ranges":"none","transfer-encoding":"chunked"}
[debug] [2020-11-15T04:13:57.373Z] <<< HTTP RESPONSE 200 {"content-type":"application/json; charset=UTF-8","vary":"X-Origin, Referer, Origin,Accept-Encoding","date":"Sun, 15 Nov 2020 04:14:16 GMT","server":"ESF","cache-control":"private","x-xss-protection":"0","x-frame-options":"SAMEORIGIN","x-content-type-options":"nosniff","alt-svc":"h3-Q050=\":443\"; ma=2592000,h3-29=\":443\"; ma=2592000,h3-T051=\":443\"; ma=2592000,h3-Q046=\":443\"; ma=2592000,h3-Q043=\":443\"; ma=2592000,quic=\":443\"; ma=2592000; v=\"46,43\"","accept-ranges":"none","transfer-encoding":"chunked"}
[info] 
=== Functions Setup
[info] 
[info] A functions directory will be created in your project with a Node.js
[info] package pre-configured. Functions can be deployed with firebase deploy.
[info] 
[debug] [2020-11-15T04:13:57.377Z] > command requires scopes: ["email","openid","https://www.googleapis.com/auth/cloudplatformprojects.readonly","https://www.googleapis.com/auth/firebase","https://www.googleapis.com/auth/cloud-platform"]
[debug] [2020-11-15T04:13:57.377Z] > authorizing via signed-in user
[debug] [2020-11-15T04:13:57.378Z] [iam] checking project chatdemo2-12126 for permissions ["firebase.projects.get"]
[debug] [2020-11-15T04:13:57.378Z] >>> HTTP REQUEST POST https://cloudresourcemanager.googleapis.com/v1/projects/chatdemo2-12126:testIamPermissions  
 {"permissions":["firebase.projects.get"]}
[debug] [2020-11-15T04:13:58.056Z] <<< HTTP RESPONSE 200 {"content-type":"application/json; charset=UTF-8","vary":"X-Origin, Referer, Origin,Accept-Encoding","date":"Sun, 15 Nov 2020 04:14:17 GMT","server":"ESF","cache-control":"private","x-xss-protection":"0","x-frame-options":"SAMEORIGIN","x-content-type-options":"nosniff","server-timing":"gfet4t7; dur=566","alt-svc":"h3-Q050=\":443\"; ma=2592000,h3-29=\":443\"; ma=2592000,h3-T051=\":443\"; ma=2592000,h3-Q046=\":443\"; ma=2592000,h3-Q043=\":443\"; ma=2592000,quic=\":443\"; ma=2592000; v=\"46,43\"","accept-ranges":"none","transfer-encoding":"chunked"}
[debug] [2020-11-15T04:13:58.057Z] >>> HTTP REQUEST POST https://serviceusage.googleapis.com/v1/projects/chatdemo2-12126/services/cloudfunctions.googleapis.com:enable  
 
[debug] [2020-11-15T04:13:58.058Z] >>> HTTP REQUEST POST https://serviceusage.googleapis.com/v1/projects/chatdemo2-12126/services/runtimeconfig.googleapis.com:enable  
 
[debug] [2020-11-15T04:13:59.111Z] <<< HTTP RESPONSE 200 {"content-type":"application/json; charset=UTF-8","vary":"X-Origin, Referer, Origin,Accept-Encoding","date":"Sun, 15 Nov 2020 04:14:18 GMT","server":"ESF","cache-control":"private","x-xss-protection":"0","x-frame-options":"SAMEORIGIN","x-content-type-options":"nosniff","alt-svc":"h3-Q050=\":443\"; ma=2592000,h3-29=\":443\"; ma=2592000,h3-T051=\":443\"; ma=2592000,h3-Q046=\":443\"; ma=2592000,h3-Q043=\":443\"; ma=2592000,quic=\":443\"; ma=2592000; v=\"46,43\"","accept-ranges":"none","transfer-encoding":"chunked"}
[debug] [2020-11-15T04:13:59.113Z] <<< HTTP RESPONSE 200 {"content-type":"application/json; charset=UTF-8","vary":"X-Origin, Referer, Origin,Accept-Encoding","date":"Sun, 15 Nov 2020 04:14:18 GMT","server":"ESF","cache-control":"private","x-xss-protection":"0","x-frame-options":"SAMEORIGIN","x-content-type-options":"nosniff","alt-svc":"h3-Q050=\":443\"; ma=2592000,h3-29=\":443\"; ma=2592000,h3-T051=\":443\"; ma=2592000,h3-Q046=\":443\"; ma=2592000,h3-Q043=\":443\"; ma=2592000,quic=\":443\"; ma=2592000; v=\"46,43\"","accept-ranges":"none","transfer-encoding":"chunked"}
[info] ✔  Wrote functions/package.json 
[info] ✔  Wrote functions/.eslintrc.js 
[info] ✔  Wrote functions/tsconfig.json 
[info] ✔  Wrote functions/src/index.ts 
[info] ✔  Wrote functions/.gitignore 
[info] 
=== Hosting Setup
[info] 
[info] Your public directory is the folder (relative to your project directory) that
[info] will contain Hosting assets to be uploaded with firebase deploy. If you
[info] have a build process for your assets, use your build's output directory.
[info] 
[debug] [2020-11-15T04:19:24.263Z] >>> HTTP REQUEST GET https://www.gstatic.com/firebasejs/releases.json  
 
[debug] [2020-11-15T04:19:24.434Z] <<< HTTP RESPONSE 200 {"accept-ranges":"bytes","vary":"Accept-Encoding, Origin","content-type":"application/json","cross-origin-resource-policy":"cross-origin","content-length":"1411","date":"Sun, 15 Nov 2020 04:19:43 GMT","expires":"Sun, 15 Nov 2020 05:09:43 GMT","cache-control":"public, max-age=3000","last-modified":"Fri, 13 Nov 2020 00:33:17 GMT","x-content-type-options":"nosniff","server":"sffe","x-xss-protection":"0","alt-svc":"h3-Q050=\":443\"; ma=2592000,h3-29=\":443\"; ma=2592000,h3-T051=\":443\"; ma=2592000,h3-Q046=\":443\"; ma=2592000,h3-Q043=\":443\"; ma=2592000,quic=\":443\"; ma=2592000; v=\"46,43\""}
[info] ✔  Wrote build/index.html 
[info] 
[info] i  Detected a .git folder at /Users/rontarou/tora/chatdemo2 
[info] i  Authorizing with GitHub to upload your service account to a GitHub repository's secrets store. 
[info] 
[info] Visit this URL on this device to log in:
[info] https://github.com/login/oauth/authorize?client_id=89cf50f02ac6aaed3484&state=837498239&redirect_uri=http%3A%2F%2Flocalhost%3A9005&scope=read%3Auser%20repo%20public_repo
[info] 
[info] Waiting for authentication...
[debug] [2020-11-15T04:19:42.576Z] >>> HTTP REQUEST POST https://github.com/login/oauth/access_token  
 {"client_id":"89cf50f02ac6aaed3484","client_secret":"3330d14abc895d9a74d5f17cd7a00711fa2c5bf0","code":"2e3c78264196cad232d8","redirect_uri":"http://localhost:9005","state":"837498239"}
[debug] [2020-11-15T04:19:42.979Z] <<< HTTP RESPONSE 200 {"date":"Sun, 15 Nov 2020 04:20:02 GMT","content-type":"application/json; charset=utf-8","transfer-encoding":"chunked","server":"GitHub.com","status":"200 OK","vary":"X-PJAX, Accept-Encoding, Accept, X-Requested-With, Accept-Encoding","etag":"W/\"9166ab5c2dccd5d00f529074ff8f6c06\"","cache-control":"max-age=0, private, must-revalidate","strict-transport-security":"max-age=31536000; includeSubdomains; preload","x-frame-options":"deny","x-content-type-options":"nosniff","x-xss-protection":"1; mode=block","referrer-policy":"origin-when-cross-origin, strict-origin-when-cross-origin","expect-ct":"max-age=2592000, report-uri=\"https://api.github.com/_private/browser/errors\"","content-security-policy":"default-src 'none'; base-uri 'self'; block-all-mixed-content; connect-src 'self' uploads.github.com www.githubstatus.com collector.githubapp.com api.github.com github-cloud.s3.amazonaws.com github-production-repository-file-5c1aeb.s3.amazonaws.com github-production-upload-manifest-file-7fdce7.s3.amazonaws.com github-production-user-asset-6210df.s3.amazonaws.com cdn.optimizely.com logx.optimizely.com/v1/events wss://alive.github.com; font-src github.githubassets.com; form-action 'self' github.com gist.github.com; frame-ancestors 'none'; frame-src render.githubusercontent.com; img-src 'self' data: github.githubassets.com identicons.github.com collector.githubapp.com github-cloud.s3.amazonaws.com *.githubusercontent.com; manifest-src 'self'; media-src 'none'; script-src github.githubassets.com; style-src 'unsafe-inline' github.githubassets.com; worker-src github.com/socket-worker.js gist.github.com/socket-worker.js","x-github-request-id":"C842:6B6E:4D1A8E:69AE84:5FB0AC72"}
[debug] [2020-11-15T04:19:42.980Z] >>> HTTP REQUEST GET https://api.github.com/user  
 
[debug] [2020-11-15T04:19:43.491Z] <<< HTTP RESPONSE 200 {"date":"Sun, 15 Nov 2020 04:20:02 GMT","content-type":"application/json; charset=utf-8","content-length":"1414","server":"GitHub.com","status":"200 OK","cache-control":"private, max-age=60, s-maxage=60","vary":"Accept, Authorization, Cookie, X-GitHub-OTP, Accept-Encoding, Accept, X-Requested-With, Accept-Encoding","etag":"\"8a17e11e5c3f74d2f8d1d1d928f9c11a5fb2b4ae12dfd382b3e3e6135b3886ef\"","last-modified":"Sun, 15 Nov 2020 04:20:00 GMT","x-oauth-scopes":"read:user, repo","x-accepted-oauth-scopes":"","x-oauth-client-id":"89cf50f02ac6aaed3484","x-github-media-type":"github.v3","x-ratelimit-limit":"5000","x-ratelimit-remaining":"4999","x-ratelimit-reset":"1605417602","x-ratelimit-used":"1","access-control-expose-headers":"ETag, Link, Location, Retry-After, X-GitHub-OTP, X-RateLimit-Limit, X-RateLimit-Remaining, X-RateLimit-Used, X-RateLimit-Reset, X-OAuth-Scopes, X-Accepted-OAuth-Scopes, X-Poll-Interval, X-GitHub-Media-Type, Deprecation, Sunset","access-control-allow-origin":"*","strict-transport-security":"max-age=31536000; includeSubdomains; preload","x-frame-options":"deny","x-content-type-options":"nosniff","x-xss-protection":"1; mode=block","referrer-policy":"origin-when-cross-origin, strict-origin-when-cross-origin","content-security-policy":"default-src 'none'","x-github-request-id":"FA93:03F2:3EDB0F:5224C3:5FB0AC72"}
[info] 
[info] ✔  Success! Logged into GitHub as pontarou194 
[info] 
